<?xml version="1.0" encoding="UTF-8"?>
<!-- Generated by org.testng.reporters.JUnitReportReporter -->
<testsuite hostname="SFTLCRPC100" failures="0" tests="4" name="tests.Base3Example" time="2.863" errors="0" timestamp="2023-01-25T17:56:42 EET" skipped="0">
  <testcase classname="tests.Base3Example" name="createTodo" time="1.583"/>
  <system-out/>
  <testcase classname="tests.Base3Example" name="getToDo" time="0.480"/>
  <system-out/>
  <testcase classname="tests.Base3Example" name="updateToDo" time="0.413"/>
  <system-out/>
  <testcase classname="tests.Base3Example" name="deleteToDo" time="0.387"/>
  <system-out/>
</testsuite> <!-- tests.Base3Example -->
